{"meta": {"format": 3, "version": "7.10.6", "timestamp": "2025-11-03T21:03:21.500759", "branch_coverage": false, "show_contexts": false}, "files": {"webquiz/__init__.py": {"executed_lines": [], "summary": {"covered_lines": 0, "num_statements": 4, "percent_covered": 0.0, "percent_covered_display": "0", "missing_lines": 4, "excluded_lines": 0}, "missing_lines": [3, 4, 5, 6], "excluded_lines": [], "functions": {"": {"executed_lines": [], "summary": {"covered_lines": 0, "num_statements": 4, "percent_covered": 0.0, "percent_covered_display": "0", "missing_lines": 4, "excluded_lines": 0}, "missing_lines": [3, 4, 5, 6], "excluded_lines": []}}, "classes": {"": {"executed_lines": [], "summary": {"covered_lines": 0, "num_statements": 4, "percent_covered": 0.0, "percent_covered_display": "0", "missing_lines": 4, "excluded_lines": 0}, "missing_lines": [3, 4, 5, 6], "excluded_lines": []}}}, "webquiz/cli.py": {"executed_lines": [172, 173, 174, 175, 176, 177, 178, 179, 180, 181, 183, 184, 185, 186, 188, 189, 191, 194, 202, 204, 205, 211, 212, 224, 253, 255, 257, 259, 261, 263, 265, 267, 269, 271, 273, 276, 286, 290, 303, 309], "summary": {"covered_lines": 40, "num_statements": 172, "percent_covered": 23.25581395348837, "percent_covered_display": "23", "missing_lines": 132, "excluded_lines": 2}, "missing_lines": [12, 13, 14, 15, 16, 17, 18, 19, 20, 21, 24, 25, 26, 28, 29, 30, 32, 35, 37, 40, 42, 43, 44, 46, 47, 48, 51, 52, 53, 55, 56, 57, 60, 62, 63, 64, 66, 69, 70, 71, 74, 75, 76, 77, 78, 79, 80, 82, 83, 86, 89, 90, 91, 94, 95, 98, 99, 104, 107, 108, 109, 110, 111, 113, 114, 117, 119, 120, 121, 123, 124, 125, 126, 127, 128, 129, 130, 132, 133, 134, 137, 139, 140, 141, 143, 144, 145, 146, 148, 149, 152, 153, 154, 155, 156, 159, 160, 161, 162, 163, 165, 166, 167, 170, 195, 196, 197, 198, 199, 200, 206, 207, 209, 213, 214, 215, 216, 217, 219, 222, 287, 291, 292, 293, 294, 295, 296, 297, 299, 300, 305, 306], "excluded_lines": [312, 313], "functions": {"get_pid_file_path": {"executed_lines": [], "summary": {"covered_lines": 0, "num_statements": 1, "percent_covered": 0.0, "percent_covered_display": "0", "missing_lines": 1, "excluded_lines": 0}, "missing_lines": [37], "excluded_lines": []}, "is_daemon_running": {"executed_lines": [], "summary": {"covered_lines": 0, "num_statements": 12, "percent_covered": 0.0, "percent_covered_display": "0", "missing_lines": 12, "excluded_lines": 0}, "missing_lines": [42, 43, 44, 46, 47, 48, 51, 52, 53, 55, 56, 57], "excluded_lines": []}, "start_daemon": {"executed_lines": [], "summary": {"covered_lines": 0, "num_statements": 47, "percent_covered": 0.0, "percent_covered_display": "0", "missing_lines": 47, "excluded_lines": 0}, "missing_lines": [62, 63, 64, 66, 69, 70, 71, 74, 75, 76, 77, 78, 79, 80, 82, 83, 86, 89, 90, 91, 94, 95, 98, 99, 104, 107, 108, 109, 110, 111, 113, 114, 117, 119, 120, 121, 123, 124, 125, 126, 127, 128, 129, 130, 132, 133, 134], "excluded_lines": []}, "stop_daemon": {"executed_lines": [], "summary": {"covered_lines": 0, "num_statements": 22, "percent_covered": 0.0, "percent_covered_display": "0", "missing_lines": 22, "excluded_lines": 0}, "missing_lines": [139, 140, 141, 143, 144, 145, 146, 148, 149, 152, 153, 154, 155, 156, 159, 160, 161, 162, 163, 165, 166, 167], "excluded_lines": []}, "run_server": {"executed_lines": [172, 173, 174, 175, 176, 177, 178, 179, 180, 181, 183, 211, 212], "summary": {"covered_lines": 13, "num_statements": 19, "percent_covered": 68.42105263157895, "percent_covered_display": "68", "missing_lines": 6, "excluded_lines": 0}, "missing_lines": [213, 214, 215, 216, 217, 219], "excluded_lines": []}, "run_server.start_server": {"executed_lines": [184, 185, 186, 188, 189, 191, 194, 202, 204, 205], "summary": {"covered_lines": 10, "num_statements": 19, "percent_covered": 52.63157894736842, "percent_covered_display": "53", "missing_lines": 9, "excluded_lines": 0}, "missing_lines": [195, 196, 197, 198, 199, 200, 206, 207, 209], "excluded_lines": []}, "main": {"executed_lines": [224, 253, 255, 257, 259, 261, 263, 265, 267, 269, 271, 273, 276, 286, 290, 303, 309], "summary": {"covered_lines": 17, "num_statements": 29, "percent_covered": 58.62068965517241, "percent_covered_display": "59", "missing_lines": 12, "excluded_lines": 0}, "missing_lines": [287, 291, 292, 293, 294, 295, 296, 297, 299, 300, 305, 306], "excluded_lines": []}, "": {"executed_lines": [], "summary": {"covered_lines": 0, "num_statements": 23, "percent_covered": 0.0, "percent_covered_display": "0", "missing_lines": 23, "excluded_lines": 2}, "missing_lines": [12, 13, 14, 15, 16, 17, 18, 19, 20, 21, 24, 25, 26, 28, 29, 30, 32, 35, 40, 60, 137, 170, 222], "excluded_lines": [312, 313]}}, "classes": {"": {"executed_lines": [172, 173, 174, 175, 176, 177, 178, 179, 180, 181, 183, 184, 185, 186, 188, 189, 191, 194, 202, 204, 205, 211, 212, 224, 253, 255, 257, 259, 261, 263, 265, 267, 269, 271, 273, 276, 286, 290, 303, 309], "summary": {"covered_lines": 40, "num_statements": 172, "percent_covered": 23.25581395348837, "percent_covered_display": "23", "missing_lines": 132, "excluded_lines": 2}, "missing_lines": [12, 13, 14, 15, 16, 17, 18, 19, 20, 21, 24, 25, 26, 28, 29, 30, 32, 35, 37, 40, 42, 43, 44, 46, 47, 48, 51, 52, 53, 55, 56, 57, 60, 62, 63, 64, 66, 69, 70, 71, 74, 75, 76, 77, 78, 79, 80, 82, 83, 86, 89, 90, 91, 94, 95, 98, 99, 104, 107, 108, 109, 110, 111, 113, 114, 117, 119, 120, 121, 123, 124, 125, 126, 127, 128, 129, 130, 132, 133, 134, 137, 139, 140, 141, 143, 144, 145, 146, 148, 149, 152, 153, 154, 155, 156, 159, 160, 161, 162, 163, 165, 166, 167, 170, 195, 196, 197, 198, 199, 200, 206, 207, 209, 213, 214, 215, 216, 217, 219, 222, 287, 291, 292, 293, 294, 295, 296, 297, 299, 300, 305, 306], "excluded_lines": [312, 313]}}}, "webquiz/config.py": {"executed_lines": [1, 2, 3, 4, 5, 7, 10, 13, 38, 39, 40, 42, 43, 46, 47, 48, 50, 51, 52, 53, 55, 56, 58, 60, 62, 66, 67, 68, 70, 71, 73, 74, 78, 79, 80, 82, 83, 84, 86, 87, 88, 91, 92, 93, 95, 96, 97, 100, 101, 102, 104, 106, 107, 111, 112, 113, 115, 116, 117, 120, 121, 122, 124, 125, 126, 127, 128, 130, 132, 134, 138, 139, 140, 142, 143, 144, 145, 146, 147, 148, 151, 160, 161, 162, 164, 168, 169, 170, 171, 174, 175, 176, 183, 186, 187, 190, 194, 196], "summary": {"covered_lines": 89, "num_statements": 115, "percent_covered": 77.3913043478261, "percent_covered_display": "77", "missing_lines": 26, "excluded_lines": 0}, "missing_lines": [25, 26, 28, 29, 31, 32, 35, 57, 59, 61, 63, 75, 108, 133, 135, 165, 177, 178, 191, 192, 204, 205, 206, 207, 208, 209], "excluded_lines": [], "functions": {"resolve_path_relative_to_binary": {"executed_lines": [], "summary": {"covered_lines": 0, "num_statements": 7, "percent_covered": 0.0, "percent_covered_display": "0", "missing_lines": 7, "excluded_lines": 0}, "missing_lines": [25, 26, 28, 29, 31, 32, 35], "excluded_lines": []}, "PathsConfig.__post_init__": {"executed_lines": [56, 58, 60, 62], "summary": {"covered_lines": 4, "num_statements": 8, "percent_covered": 50.0, "percent_covered_display": "50", "missing_lines": 4, "excluded_lines": 0}, "missing_lines": [57, 59, 61, 63], "excluded_lines": []}, "AdminConfig.__post_init__": {"executed_lines": [74], "summary": {"covered_lines": 1, "num_statements": 2, "percent_covered": 50.0, "percent_covered_display": "50", "missing_lines": 1, "excluded_lines": 0}, "missing_lines": [75], "excluded_lines": []}, "RegistrationConfig.__post_init__": {"executed_lines": [87, 88], "summary": {"covered_lines": 2, "num_statements": 2, "percent_covered": 100.0, "percent_covered_display": "100", "missing_lines": 0, "excluded_lines": 0}, "missing_lines": [], "excluded_lines": []}, "QuizzesConfig.__post_init__": {"executed_lines": [107], "summary": {"covered_lines": 1, "num_statements": 2, "percent_covered": 50.0, "percent_covered_display": "50", "missing_lines": 1, "excluded_lines": 0}, "missing_lines": [108], "excluded_lines": []}, "TunnelConfig.__post_init__": {"executed_lines": [132, 134], "summary": {"covered_lines": 2, "num_statements": 4, "percent_covered": 50.0, "percent_covered_display": "50", "missing_lines": 2, "excluded_lines": 0}, "missing_lines": [133, 135], "excluded_lines": []}, "load_config_from_yaml": {"executed_lines": [160, 161, 162, 164, 168, 169, 170, 171, 174, 175, 176, 183, 186, 187, 190, 194, 196], "summary": {"covered_lines": 17, "num_statements": 28, "percent_covered": 60.714285714285715, "percent_covered_display": "61", "missing_lines": 11, "excluded_lines": 0}, "missing_lines": [165, 177, 178, 191, 192, 204, 205, 206, 207, 208, 209], "excluded_lines": []}, "": {"executed_lines": [1, 2, 3, 4, 5, 7, 10, 13, 38, 39, 40, 42, 43, 46, 47, 48, 50, 51, 52, 53, 55, 66, 67, 68, 70, 71, 73, 78, 79, 80, 82, 83, 84, 86, 91, 92, 93, 95, 96, 97, 100, 101, 102, 104, 106, 111, 112, 113, 115, 116, 117, 120, 121, 122, 124, 125, 126, 127, 128, 130, 138, 139, 140, 142, 143, 144, 145, 146, 147, 148, 151], "summary": {"covered_lines": 62, "num_statements": 62, "percent_covered": 100.0, "percent_covered_display": "100", "missing_lines": 0, "excluded_lines": 0}, "missing_lines": [], "excluded_lines": []}}, "classes": {"ServerConfig": {"executed_lines": [], "summary": {"covered_lines": 0, "num_statements": 0, "percent_covered": 100.0, "percent_covered_display": "100", "missing_lines": 0, "excluded_lines": 0}, "missing_lines": [], "excluded_lines": []}, "PathsConfig": {"executed_lines": [56, 58, 60, 62], "summary": {"covered_lines": 4, "num_statements": 8, "percent_covered": 50.0, "percent_covered_display": "50", "missing_lines": 4, "excluded_lines": 0}, "missing_lines": [57, 59, 61, 63], "excluded_lines": []}, "AdminConfig": {"executed_lines": [74], "summary": {"covered_lines": 1, "num_statements": 2, "percent_covered": 50.0, "percent_covered_display": "50", "missing_lines": 1, "excluded_lines": 0}, "missing_lines": [75], "excluded_lines": []}, "RegistrationConfig": {"executed_lines": [87, 88], "summary": {"covered_lines": 2, "num_statements": 2, "percent_covered": 100.0, "percent_covered_display": "100", "missing_lines": 0, "excluded_lines": 0}, "missing_lines": [], "excluded_lines": []}, "DownloadableQuiz": {"executed_lines": [], "summary": {"covered_lines": 0, "num_statements": 0, "percent_covered": 100.0, "percent_covered_display": "100", "missing_lines": 0, "excluded_lines": 0}, "missing_lines": [], "excluded_lines": []}, "QuizzesConfig": {"executed_lines": [107], "summary": {"covered_lines": 1, "num_statements": 2, "percent_covered": 50.0, "percent_covered_display": "50", "missing_lines": 1, "excluded_lines": 0}, "missing_lines": [108], "excluded_lines": []}, "TunnelServerConfig": {"executed_lines": [], "summary": {"covered_lines": 0, "num_statements": 0, "percent_covered": 100.0, "percent_covered_display": "100", "missing_lines": 0, "excluded_lines": 0}, "missing_lines": [], "excluded_lines": []}, "TunnelConfig": {"executed_lines": [132, 134], "summary": {"covered_lines": 2, "num_statements": 4, "percent_covered": 50.0, "percent_covered_display": "50", "missing_lines": 2, "excluded_lines": 0}, "missing_lines": [133, 135], "excluded_lines": []}, "WebQuizConfig": {"executed_lines": [], "summary": {"covered_lines": 0, "num_statements": 0, "percent_covered": 100.0, "percent_covered_display": "100", "missing_lines": 0, "excluded_lines": 0}, "missing_lines": [], "excluded_lines": []}, "": {"executed_lines": [1, 2, 3, 4, 5, 7, 10, 13, 38, 39, 40, 42, 43, 46, 47, 48, 50, 51, 52, 53, 55, 66, 67, 68, 70, 71, 73, 78, 79, 80, 82, 83, 84, 86, 91, 92, 93, 95, 96, 97, 100, 101, 102, 104, 106, 111, 112, 113, 115, 116, 117, 120, 121, 122, 124, 125, 126, 127, 128, 130, 138, 139, 140, 142, 143, 144, 145, 146, 147, 148, 151, 160, 161, 162, 164, 168, 169, 170, 171, 174, 175, 176, 183, 186, 187, 190, 194, 196], "summary": {"covered_lines": 79, "num_statements": 97, "percent_covered": 81.44329896907216, "percent_covered_display": "81", "missing_lines": 18, "excluded_lines": 0}, "missing_lines": [25, 26, 28, 29, 31, 32, 35, 165, 177, 178, 191, 192, 204, 205, 206, 207, 208, 209], "excluded_lines": []}}}, "webquiz/server.py": {"executed_lines": [1, 2, 3, 4, 5, 6, 7, 8, 9, 10, 11, 12, 13, 14, 15, 16, 17, 18, 19, 20, 22, 23, 25, 28, 31, 43, 45, 47, 55, 61, 62, 67, 76, 77, 80, 90, 91, 94, 97, 98, 109, 125, 138, 139, 142, 143, 144, 145, 156, 157, 158, 159, 160, 162, 163, 166, 167, 168, 169, 172, 174, 177, 188, 189, 191, 192, 193, 194, 197, 205, 206, 208, 211, 212, 213, 214, 215, 218, 219, 220, 221, 222, 223, 224, 225, 231, 234, 248, 251, 254, 255, 256, 263, 264, 267, 268, 271, 272, 273, 274, 275, 276, 277, 279, 280, 282, 284, 287, 301, 302, 304, 305, 308, 314, 316, 319, 320, 333, 334, 342, 343, 349, 350, 351, 352, 353, 354, 355, 356, 357, 358, 359, 360, 361, 362, 363, 364, 365, 366, 367, 368, 371, 372, 373, 376, 379, 381, 387, 388, 397, 398, 399, 400, 404, 406, 414, 417, 418, 419, 420, 421, 424, 436, 439, 442, 443, 444, 445, 447, 450, 451, 453, 454, 457, 462, 463, 464, 465, 466, 467, 468, 469, 471, 477, 478, 479, 480, 481, 482, 483, 488, 500, 501, 502, 505, 508, 509, 510, 513, 516, 519, 529, 531, 557, 562, 564, 566, 567, 568, 572, 578, 579, 580, 612, 640, 651, 652, 653, 654, 655, 658, 661, 664, 667, 670, 671, 673, 682, 691, 693, 698, 700, 706, 708, 709, 724, 730, 731, 734, 735, 736, 742, 743, 745, 748, 750, 753, 756, 757, 760, 765, 766, 767, 770, 779, 790, 793, 794, 795, 796, 797, 798, 801, 802, 804, 805, 821, 872, 932, 934, 935, 939, 954, 955, 969, 975, 979, 989, 1009, 1023, 1025, 1027, 1028, 1030, 1031, 1034, 1035, 1038, 1039, 1042, 1043, 1044, 1047, 1048, 1050, 1054, 1064, 1066, 1067, 1071, 1073, 1074, 1075, 1076, 1077, 1081, 1085, 1106, 1115, 1116, 1119, 1121, 1239, 1301, 1313, 1314, 1315, 1316, 1319, 1322, 1323, 1326, 1365, 1366, 1370, 1371, 1372, 1374, 1377, 1380, 1392, 1395, 1396, 1398, 1406, 1409, 1412, 1413, 1417, 1418, 1419, 1421, 1423, 1424, 1427, 1441, 1444, 1447, 1450, 1451, 1452, 1453, 1455, 1457, 1500, 1510, 1514, 1517, 1518, 1520, 1521, 1522, 1523, 1525, 1526, 1529, 1538, 1542, 1572, 1627, 1725, 1726, 1732, 1733, 1740, 1741, 1750, 1751, 1752, 1754, 1756, 1764, 1765, 1766, 1768, 1769, 1775, 1777, 1778, 1845, 1846, 1879, 1880, 1942, 1943, 2014, 2015, 2058, 2059, 2094, 2107, 2110, 2114, 2118, 2119, 2123, 2127, 2128, 2133, 2134, 2135, 2139, 2140, 2141, 2145, 2146, 2147, 2149, 2151, 2155, 2156, 2157, 2159, 2161, 2163, 2165, 2166, 2167, 2169, 2171, 2177, 2178, 2179, 2181, 2182, 2183, 2185, 2187, 2188, 2191, 2194, 2197, 2200, 2202, 2305, 2306, 2335, 2336, 2347, 2348, 2349, 2350, 2352, 2356, 2357, 2360, 2361, 2364, 2367, 2371, 2372, 2373, 2375, 2378, 2381, 2383, 2384, 2385, 2386, 2389, 2391, 2392, 2393, 2396, 2397, 2398, 2399, 2400, 2402, 2405, 2411, 2412, 2415, 2417, 2439, 2440, 2494, 2495, 2521, 2522, 2543, 2544, 2584, 2612, 2613, 2625, 2663, 2664, 2705, 2706, 2742, 2743, 2810, 2842, 2851, 2852, 2860, 2861, 2864, 2865, 2868, 2869, 2872, 2873, 2874, 2877, 2880, 2881, 2888, 2889, 2906, 2913, 2915, 2920, 2921, 2935, 2985, 2986, 3031, 3032, 3072, 3075, 3078, 3081, 3089, 3092, 3095, 3098, 3101, 3102, 3103, 3104, 3105, 3108, 3113, 3116, 3117, 3118, 3119, 3120, 3121, 3122, 3123, 3124, 3125, 3126, 3127, 3128, 3131, 3132, 3134, 3137, 3138, 3139, 3140, 3141, 3144, 3145, 3148, 3151, 3152, 3159, 3161], "summary": {"covered_lines": 573, "num_statements": 1431, "percent_covered": 40.041928721174, "percent_covered_display": "40", "missing_lines": 858, "excluded_lines": 0}, "missing_lines": [48, 50, 52, 63, 64, 92, 101, 102, 103, 104, 105, 106, 118, 120, 121, 122, 148, 149, 150, 152, 153, 161, 226, 227, 228, 229, 257, 258, 260, 309, 310, 312, 335, 336, 337, 338, 339, 401, 402, 422, 455, 484, 485, 486, 537, 538, 541, 542, 543, 544, 547, 548, 550, 551, 552, 553, 554, 555, 569, 570, 582, 583, 586, 589, 591, 597, 599, 602, 604, 605, 607, 609, 610, 618, 619, 620, 633, 634, 635, 636, 637, 638, 678, 679, 680, 694, 695, 702, 703, 704, 705, 710, 712, 713, 714, 717, 718, 720, 721, 722, 746, 749, 780, 781, 782, 806, 807, 811, 812, 815, 816, 817, 818, 819, 827, 828, 830, 832, 835, 836, 839, 840, 845, 846, 858, 859, 860, 861, 863, 864, 865, 867, 868, 869, 870, 878, 879, 881, 883, 886, 887, 890, 891, 892, 893, 894, 895, 898, 901, 902, 905, 906, 907, 908, 910, 913, 914, 915, 916, 918, 921, 922, 923, 926, 927, 929, 930, 936, 937, 958, 959, 960, 961, 962, 963, 964, 965, 967, 985, 1001, 1002, 1003, 1004, 1005, 1006, 1007, 1052, 1069, 1070, 1079, 1080, 1083, 1094, 1097, 1100, 1101, 1103, 1104, 1136, 1137, 1139, 1140, 1143, 1144, 1145, 1148, 1150, 1151, 1152, 1153, 1154, 1156, 1159, 1162, 1170, 1171, 1173, 1175, 1176, 1177, 1178, 1181, 1182, 1183, 1185, 1188, 1190, 1193, 1195, 1197, 1200, 1213, 1222, 1225, 1234, 1235, 1237, 1248, 1249, 1251, 1252, 1255, 1256, 1258, 1261, 1262, 1265, 1266, 1268, 1269, 1270, 1271, 1274, 1275, 1277, 1279, 1280, 1281, 1284, 1287, 1296, 1297, 1320, 1327, 1328, 1331, 1333, 1336, 1337, 1338, 1341, 1342, 1344, 1345, 1347, 1348, 1351, 1352, 1356, 1367, 1468, 1469, 1470, 1471, 1472, 1475, 1476, 1478, 1479, 1480, 1482, 1494, 1496, 1497, 1498, 1511, 1512, 1552, 1554, 1556, 1557, 1560, 1563, 1567, 1568, 1570, 1587, 1589, 1590, 1593, 1596, 1597, 1601, 1604, 1606, 1607, 1608, 1609, 1610, 1611, 1612, 1614, 1617, 1638, 1641, 1642, 1644, 1645, 1646, 1649, 1650, 1652, 1663, 1664, 1666, 1670, 1673, 1674, 1675, 1677, 1678, 1679, 1680, 1682, 1685, 1686, 1687, 1688, 1691, 1692, 1695, 1697, 1709, 1710, 1712, 1714, 1715, 1716, 1718, 1722, 1790, 1791, 1793, 1794, 1797, 1798, 1800, 1803, 1804, 1807, 1810, 1811, 1812, 1814, 1817, 1820, 1822, 1824, 1827, 1840, 1842, 1843, 1855, 1856, 1857, 1859, 1860, 1862, 1863, 1866, 1867, 1869, 1870, 1871, 1872, 1875, 1876, 1877, 1889, 1890, 1891, 1892, 1894, 1895, 1897, 1898, 1900, 1903, 1904, 1907, 1908, 1909, 1910, 1912, 1914, 1916, 1917, 1918, 1921, 1922, 1924, 1925, 1926, 1927, 1928, 1931, 1932, 1934, 1935, 1938, 1939, 1940, 1954, 1955, 1956, 1957, 1959, 1961, 1962, 1965, 1966, 1968, 1971, 1972, 1973, 1974, 1976, 1978, 1980, 1981, 1982, 1985, 1986, 1988, 1989, 1990, 1991, 1992, 1995, 1996, 1999, 2000, 2002, 2003, 2010, 2011, 2012, 2026, 2027, 2028, 2030, 2031, 2034, 2035, 2038, 2039, 2041, 2044, 2046, 2047, 2054, 2055, 2056, 2068, 2069, 2070, 2072, 2073, 2075, 2076, 2078, 2081, 2082, 2083, 2085, 2088, 2089, 2090, 2091, 2092, 2108, 2111, 2112, 2115, 2116, 2120, 2121, 2124, 2125, 2129, 2130, 2136, 2142, 2148, 2150, 2152, 2162, 2168, 2170, 2172, 2174, 2180, 2184, 2186, 2192, 2195, 2198, 2215, 2216, 2219, 2220, 2222, 2223, 2224, 2227, 2228, 2229, 2230, 2232, 2233, 2234, 2235, 2236, 2237, 2238, 2241, 2242, 2243, 2244, 2246, 2247, 2248, 2249, 2252, 2253, 2254, 2255, 2257, 2258, 2259, 2260, 2261, 2262, 2263, 2264, 2267, 2268, 2269, 2270, 2272, 2273, 2274, 2275, 2276, 2277, 2278, 2279, 2280, 2281, 2282, 2285, 2286, 2287, 2288, 2290, 2291, 2292, 2293, 2296, 2297, 2298, 2299, 2300, 2301, 2303, 2312, 2313, 2314, 2315, 2317, 2318, 2319, 2320, 2328, 2330, 2331, 2332, 2333, 2353, 2368, 2376, 2406, 2419, 2420, 2421, 2423, 2424, 2425, 2427, 2428, 2429, 2431, 2432, 2433, 2435, 2436, 2437, 2451, 2452, 2453, 2456, 2457, 2458, 2463, 2464, 2465, 2466, 2469, 2470, 2471, 2474, 2475, 2476, 2478, 2479, 2486, 2487, 2488, 2490, 2491, 2492, 2504, 2505, 2506, 2508, 2510, 2511, 2512, 2514, 2515, 2517, 2518, 2519, 2531, 2532, 2533, 2535, 2536, 2537, 2539, 2540, 2541, 2552, 2553, 2556, 2557, 2560, 2561, 2562, 2563, 2564, 2565, 2566, 2567, 2570, 2577, 2579, 2580, 2581, 2582, 2594, 2595, 2596, 2597, 2598, 2599, 2600, 2609, 2610, 2619, 2620, 2621, 2623, 2638, 2639, 2640, 2641, 2642, 2643, 2645, 2648, 2649, 2651, 2654, 2655, 2658, 2659, 2661, 2673, 2674, 2677, 2678, 2679, 2682, 2683, 2685, 2686, 2695, 2696, 2697, 2698, 2699, 2701, 2715, 2716, 2717, 2720, 2721, 2722, 2725, 2726, 2727, 2728, 2730, 2733, 2738, 2739, 2740, 2752, 2753, 2754, 2755, 2757, 2758, 2761, 2762, 2764, 2766, 2767, 2770, 2771, 2773, 2774, 2775, 2776, 2779, 2780, 2783, 2784, 2786, 2789, 2790, 2793, 2794, 2795, 2797, 2798, 2806, 2807, 2808, 2821, 2822, 2825, 2826, 2829, 2830, 2833, 2834, 2837, 2838, 2840, 2848, 2849, 2882, 2883, 2890, 2891, 2894, 2895, 2896, 2897, 2899, 2900, 2901, 2902, 2903, 2916, 2917, 2918, 2927, 2928, 2930, 2931, 2932, 2933, 2952, 2953, 2956, 2957, 2960, 2961, 2962, 2963, 2966, 2967, 2968, 2969, 2970, 2971, 2972, 2973, 2974, 2975, 2976, 2979, 2980, 2981, 2983, 2995, 3002, 3007, 3013, 3019, 3029, 3041, 3042, 3043, 3044, 3045, 3051, 3052, 3053, 3054, 3061, 3067, 3109, 3110, 3111], "excluded_lines": [], "functions": {"read_package_resource": {"executed_lines": [43, 45, 47], "summary": {"covered_lines": 3, "num_statements": 6, "percent_covered": 50.0, "percent_covered_display": "50", "missing_lines": 3, "excluded_lines": 0}, "missing_lines": [48, 50, 52], "excluded_lines": []}, "get_package_version": {"executed_lines": [61, 62], "summary": {"covered_lines": 2, "num_statements": 4, "percent_covered": 50.0, "percent_covered_display": "50", "missing_lines": 2, "excluded_lines": 0}, "missing_lines": [63, 64], "excluded_lines": []}, "ensure_directory_exists": {"executed_lines": [76, 77], "summary": {"covered_lines": 2, "num_statements": 2, "percent_covered": 100.0, "percent_covered_display": "100", "missing_lines": 0, "excluded_lines": 0}, "missing_lines": [], "excluded_lines": []}, "get_default_config_path": {"executed_lines": [90, 91, 94, 97, 98], "summary": {"covered_lines": 5, "num_statements": 12, "percent_covered": 41.666666666666664, "percent_covered_display": "42", "missing_lines": 7, "excluded_lines": 0}, "missing_lines": [92, 101, 102, 103, 104, 105, 106], "excluded_lines": []}, "create_default_config_file": {"executed_lines": [], "summary": {"covered_lines": 0, "num_statements": 4, "percent_covered": 0.0, "percent_covered_display": "0", "missing_lines": 4, "excluded_lines": 0}, "missing_lines": [118, 120, 121, 122], "excluded_lines": []}, "load_config_with_overrides": {"executed_lines": [138, 139, 142, 143, 144, 145, 156, 157, 158, 159, 160, 162, 163, 166, 167, 168, 169, 172, 174], "summary": {"covered_lines": 19, "num_statements": 25, "percent_covered": 76.0, "percent_covered_display": "76", "missing_lines": 6, "excluded_lines": 0}, "missing_lines": [148, 149, 150, 152, 153, 161], "excluded_lines": []}, "get_client_ip": {"executed_lines": [188, 189, 191, 192, 193, 194], "summary": {"covered_lines": 6, "num_statements": 6, "percent_covered": 100.0, "percent_covered_display": "100", "missing_lines": 0, "excluded_lines": 0}, "missing_lines": [], "excluded_lines": []}, "get_network_interfaces": {"executed_lines": [205, 206, 208, 211, 212, 213, 214, 215, 218, 219, 220, 221, 222, 223, 224, 225, 231], "summary": {"covered_lines": 17, "num_statements": 21, "percent_covered": 80.95238095238095, "percent_covered_display": "81", "missing_lines": 4, "excluded_lines": 0}, "missing_lines": [226, 227, 228, 229], "excluded_lines": []}, "admin_auth_required": {"executed_lines": [248, 284], "summary": {"covered_lines": 2, "num_statements": 2, "percent_covered": 100.0, "percent_covered_display": "100", "missing_lines": 0, "excluded_lines": 0}, "missing_lines": [], "excluded_lines": []}, "admin_auth_required.wrapper": {"executed_lines": [251, 254, 255, 256, 263, 264, 267, 268, 271, 272, 273, 274, 275, 276, 277, 279, 280, 282], "summary": {"covered_lines": 18, "num_statements": 21, "percent_covered": 85.71428571428571, "percent_covered_display": "86", "missing_lines": 3, "excluded_lines": 0}, "missing_lines": [257, 258, 260], "excluded_lines": []}, "local_network_only": {"executed_lines": [301, 316], "summary": {"covered_lines": 2, "num_statements": 2, "percent_covered": 100.0, "percent_covered_display": "100", "missing_lines": 0, "excluded_lines": 0}, "missing_lines": [], "excluded_lines": []}, "local_network_only.wrapper": {"executed_lines": [302, 304, 305, 308, 314], "summary": {"covered_lines": 5, "num_statements": 8, "percent_covered": 62.5, "percent_covered_display": "62", "missing_lines": 3, "excluded_lines": 0}, "missing_lines": [309, 310, 312], "excluded_lines": []}, "error_middleware": {"executed_lines": [333, 334], "summary": {"covered_lines": 2, "num_statements": 7, "percent_covered": 28.571428571428573, "percent_covered_display": "29", "missing_lines": 5, "excluded_lines": 0}, "missing_lines": [335, 336, 337, 338, 339], "excluded_lines": []}, "TestingServer.__init__": {"executed_lines": [349, 350, 351, 352, 353, 354, 355, 356, 357, 358, 359, 360, 361, 362, 363, 364, 365, 366, 367, 368, 371, 372, 373, 376, 379], "summary": {"covered_lines": 25, "num_statements": 25, "percent_covered": 100.0, "percent_covered_display": "100", "missing_lines": 0, "excluded_lines": 0}, "missing_lines": [], "excluded_lines": []}, "TestingServer._load_templates": {"executed_lines": [387, 388, 397, 398, 399, 400, 404], "summary": {"covered_lines": 7, "num_statements": 9, "percent_covered": 77.77777777777777, "percent_covered_display": "78", "missing_lines": 2, "excluded_lines": 0}, "missing_lines": [401, 402], "excluded_lines": []}, "TestingServer.generate_log_path": {"executed_lines": [414, 417, 418, 419, 420, 421], "summary": {"covered_lines": 6, "num_statements": 7, "percent_covered": 85.71428571428571, "percent_covered_display": "86", "missing_lines": 1, "excluded_lines": 0}, "missing_lines": [422], "excluded_lines": []}, "TestingServer.generate_csv_path": {"executed_lines": [436, 439, 442, 443, 444, 445, 447, 450, 451, 453, 454], "summary": {"covered_lines": 11, "num_statements": 12, "percent_covered": 91.66666666666667, "percent_covered_display": "92", "missing_lines": 1, "excluded_lines": 0}, "missing_lines": [455], "excluded_lines": []}, "TestingServer.reset_server_state": {"executed_lines": [462, 463, 464, 465, 466, 467, 468, 469], "summary": {"covered_lines": 8, "num_statements": 8, "percent_covered": 100.0, "percent_covered_display": "100", "missing_lines": 0, "excluded_lines": 0}, "missing_lines": [], "excluded_lines": []}, "TestingServer.list_available_quizzes": {"executed_lines": [477, 478, 479, 480, 481, 482, 483], "summary": {"covered_lines": 7, "num_statements": 10, "percent_covered": 70.0, "percent_covered_display": "70", "missing_lines": 3, "excluded_lines": 0}, "missing_lines": [484, 485, 486], "excluded_lines": []}, "TestingServer.switch_quiz": {"executed_lines": [500, 501, 502, 505, 508, 509, 510, 513, 516, 519, 529], "summary": {"covered_lines": 11, "num_statements": 11, "percent_covered": 100.0, "percent_covered_display": "100", "missing_lines": 0, "excluded_lines": 0}, "missing_lines": [], "excluded_lines": []}, "TestingServer.create_admin_selection_page": {"executed_lines": [], "summary": {"covered_lines": 0, "num_statements": 14, "percent_covered": 0.0, "percent_covered_display": "0", "missing_lines": 14, "excluded_lines": 0}, "missing_lines": [537, 538, 541, 542, 543, 544, 547, 548, 550, 551, 552, 553, 554, 555], "excluded_lines": []}, "TestingServer.initialize_log_file": {"executed_lines": [562, 564, 566, 567, 568], "summary": {"covered_lines": 5, "num_statements": 7, "percent_covered": 71.42857142857143, "percent_covered_display": "71", "missing_lines": 2, "excluded_lines": 0}, "missing_lines": [569, 570], "excluded_lines": []}, "TestingServer.initialize_tunnel": {"executed_lines": [578, 579, 580], "summary": {"covered_lines": 3, "num_statements": 14, "percent_covered": 21.428571428571427, "percent_covered_display": "21", "missing_lines": 11, "excluded_lines": 0}, "missing_lines": [582, 583, 586, 589, 599, 602, 604, 605, 607, 609, 610], "excluded_lines": []}, "TestingServer.initialize_tunnel.tunnel_status_callback": {"executed_lines": [], "summary": {"covered_lines": 0, "num_statements": 2, "percent_covered": 0.0, "percent_covered_display": "0", "missing_lines": 2, "excluded_lines": 0}, "missing_lines": [591, 597], "excluded_lines": []}, "TestingServer.create_default_config_yaml": {"executed_lines": [], "summary": {"covered_lines": 0, "num_statements": 9, "percent_covered": 0.0, "percent_covered_display": "0", "missing_lines": 9, "excluded_lines": 0}, "missing_lines": [618, 619, 620, 633, 634, 635, 636, 637, 638], "excluded_lines": []}, "TestingServer.load_questions_from_file": {"executed_lines": [651, 652, 653, 654, 655, 658, 661, 664, 667, 670, 671, 673], "summary": {"covered_lines": 12, "num_statements": 15, "percent_covered": 80.0, "percent_covered_display": "80", "missing_lines": 3, "excluded_lines": 0}, "missing_lines": [678, 679, 680], "excluded_lines": []}, "TestingServer.load_questions": {"executed_lines": [691, 693, 698, 700, 706, 708, 709], "summary": {"covered_lines": 7, "num_statements": 22, "percent_covered": 31.818181818181817, "percent_covered_display": "32", "missing_lines": 15, "excluded_lines": 0}, "missing_lines": [694, 695, 702, 703, 704, 705, 710, 712, 713, 714, 717, 718, 720, 721, 722], "excluded_lines": []}, "TestingServer.create_default_index_html": {"executed_lines": [730, 731, 734, 735, 736, 742, 743, 745, 748, 750, 753, 756, 757, 760, 765, 766, 767, 770, 779, 790, 793, 794, 795, 796, 797, 798, 801, 802, 804, 805], "summary": {"covered_lines": 30, "num_statements": 44, "percent_covered": 68.18181818181819, "percent_covered_display": "68", "missing_lines": 14, "excluded_lines": 0}, "missing_lines": [746, 749, 780, 781, 782, 806, 807, 811, 812, 815, 816, 817, 818, 819], "excluded_lines": []}, "TestingServer.flush_responses_to_csv": {"executed_lines": [], "summary": {"covered_lines": 0, "num_statements": 21, "percent_covered": 0.0, "percent_covered_display": "0", "missing_lines": 21, "excluded_lines": 0}, "missing_lines": [827, 828, 830, 832, 835, 836, 839, 840, 845, 846, 858, 859, 860, 861, 863, 864, 865, 867, 868, 869, 870], "excluded_lines": []}, "TestingServer.flush_users_to_csv": {"executed_lines": [], "summary": {"covered_lines": 0, "num_statements": 32, "percent_covered": 0.0, "percent_covered_display": "0", "missing_lines": 32, "excluded_lines": 0}, "missing_lines": [878, 879, 881, 883, 886, 887, 890, 891, 892, 893, 894, 895, 898, 901, 902, 905, 906, 907, 908, 910, 913, 914, 915, 916, 918, 921, 922, 923, 926, 927, 929, 930], "excluded_lines": []}, "TestingServer.periodic_flush": {"executed_lines": [934, 935], "summary": {"covered_lines": 2, "num_statements": 4, "percent_covered": 50.0, "percent_covered_display": "50", "missing_lines": 2, "excluded_lines": 0}, "missing_lines": [936, 937], "excluded_lines": []}, "TestingServer._broadcast_to_websocket_list": {"executed_lines": [954, 955], "summary": {"covered_lines": 2, "num_statements": 11, "percent_covered": 18.181818181818183, "percent_covered_display": "18", "missing_lines": 9, "excluded_lines": 0}, "missing_lines": [958, 959, 960, 961, 962, 963, 964, 965, 967], "excluded_lines": []}, "TestingServer.broadcast_to_websockets": {"executed_lines": [975], "summary": {"covered_lines": 1, "num_statements": 1, "percent_covered": 100.0, "percent_covered_display": "100", "missing_lines": 0, "excluded_lines": 0}, "missing_lines": [], "excluded_lines": []}, "TestingServer.broadcast_to_admin_websockets": {"executed_lines": [], "summary": {"covered_lines": 0, "num_statements": 1, "percent_covered": 0.0, "percent_covered_display": "0", "missing_lines": 1, "excluded_lines": 0}, "missing_lines": [985], "excluded_lines": []}, "TestingServer._extract_registration_fields": {"executed_lines": [], "summary": {"covered_lines": 0, "num_statements": 7, "percent_covered": 0.0, "percent_covered_display": "0", "missing_lines": 7, "excluded_lines": 0}, "missing_lines": [1001, 1002, 1003, 1004, 1005, 1006, 1007], "excluded_lines": []}, "TestingServer._validate_answer": {"executed_lines": [1023, 1025, 1027, 1028, 1030, 1031, 1034, 1035, 1038, 1039, 1042, 1043, 1044, 1047, 1048, 1050], "summary": {"covered_lines": 16, "num_statements": 17, "percent_covered": 94.11764705882354, "percent_covered_display": "94", "missing_lines": 1, "excluded_lines": 0}, "missing_lines": [1052], "excluded_lines": []}, "TestingServer._format_answer_text": {"executed_lines": [1064, 1066, 1067, 1071, 1073, 1074, 1075, 1076, 1077, 1081], "summary": {"covered_lines": 10, "num_statements": 15, "percent_covered": 66.66666666666667, "percent_covered_display": "67", "missing_lines": 5, "excluded_lines": 0}, "missing_lines": [1069, 1070, 1079, 1080, 1083], "excluded_lines": []}, "TestingServer.generate_random_question_order": {"executed_lines": [], "summary": {"covered_lines": 0, "num_statements": 6, "percent_covered": 0.0, "percent_covered_display": "0", "missing_lines": 6, "excluded_lines": 0}, "missing_lines": [1094, 1097, 1100, 1101, 1103, 1104], "excluded_lines": []}, "TestingServer.update_live_stats": {"executed_lines": [1115, 1116, 1119], "summary": {"covered_lines": 3, "num_statements": 3, "percent_covered": 100.0, "percent_covered_display": "100", "missing_lines": 0, "excluded_lines": 0}, "missing_lines": [], "excluded_lines": []}, "TestingServer.register_user": {"executed_lines": [], "summary": {"covered_lines": 0, "num_statements": 39, "percent_covered": 0.0, "percent_covered_display": "0", "missing_lines": 39, "excluded_lines": 0}, "missing_lines": [1136, 1137, 1139, 1140, 1143, 1144, 1145, 1148, 1150, 1151, 1152, 1153, 1154, 1156, 1159, 1162, 1170, 1171, 1173, 1175, 1176, 1177, 1178, 1181, 1182, 1183, 1185, 1188, 1190, 1193, 1195, 1197, 1200, 1213, 1222, 1225, 1234, 1235, 1237], "excluded_lines": []}, "TestingServer.update_registration": {"executed_lines": [], "summary": {"covered_lines": 0, "num_statements": 25, "percent_covered": 0.0, "percent_covered_display": "0", "missing_lines": 25, "excluded_lines": 0}, "missing_lines": [1248, 1249, 1251, 1252, 1255, 1256, 1258, 1261, 1262, 1265, 1266, 1268, 1269, 1270, 1271, 1274, 1275, 1277, 1279, 1280, 1281, 1284, 1287, 1296, 1297], "excluded_lines": []}, "TestingServer.submit_answer": {"executed_lines": [1313, 1314, 1315, 1316, 1319, 1322, 1323, 1326, 1365, 1366, 1370, 1371, 1372, 1374, 1377, 1380, 1392, 1395, 1396, 1398, 1406, 1409, 1412, 1413, 1417, 1418, 1419, 1421, 1423, 1424, 1427, 1441, 1444, 1447, 1450, 1451, 1452, 1453, 1455], "summary": {"covered_lines": 39, "num_statements": 57, "percent_covered": 68.42105263157895, "percent_covered_display": "68", "missing_lines": 18, "excluded_lines": 0}, "missing_lines": [1320, 1327, 1328, 1331, 1333, 1336, 1337, 1338, 1341, 1342, 1344, 1345, 1347, 1348, 1351, 1352, 1356, 1367], "excluded_lines": []}, "TestingServer.question_start": {"executed_lines": [], "summary": {"covered_lines": 0, "num_statements": 15, "percent_covered": 0.0, "percent_covered_display": "0", "missing_lines": 15, "excluded_lines": 0}, "missing_lines": [1468, 1469, 1470, 1471, 1472, 1475, 1476, 1478, 1479, 1480, 1482, 1494, 1496, 1497, 1498], "excluded_lines": []}, "TestingServer.calculate_and_store_user_stats": {"executed_lines": [1510, 1514, 1517, 1518, 1520, 1521, 1522, 1523, 1525, 1526, 1529, 1538], "summary": {"covered_lines": 12, "num_statements": 14, "percent_covered": 85.71428571428571, "percent_covered_display": "86", "missing_lines": 2, "excluded_lines": 0}, "missing_lines": [1511, 1512], "excluded_lines": []}, "TestingServer.all_students_completed": {"executed_lines": [], "summary": {"covered_lines": 0, "num_statements": 9, "percent_covered": 0.0, "percent_covered_display": "0", "missing_lines": 9, "excluded_lines": 0}, "missing_lines": [1552, 1554, 1556, 1557, 1560, 1563, 1567, 1568, 1570], "excluded_lines": []}, "TestingServer.get_user_final_results": {"executed_lines": [], "summary": {"covered_lines": 0, "num_statements": 17, "percent_covered": 0.0, "percent_covered_display": "0", "missing_lines": 17, "excluded_lines": 0}, "missing_lines": [1587, 1589, 1590, 1593, 1596, 1597, 1601, 1604, 1606, 1607, 1608, 1609, 1610, 1611, 1612, 1614, 1617], "excluded_lines": []}, "TestingServer.verify_user_id": {"executed_lines": [], "summary": {"covered_lines": 0, "num_statements": 37, "percent_covered": 0.0, "percent_covered_display": "0", "missing_lines": 37, "excluded_lines": 0}, "missing_lines": [1638, 1641, 1642, 1644, 1645, 1646, 1649, 1650, 1652, 1663, 1664, 1666, 1670, 1673, 1674, 1675, 1677, 1678, 1679, 1680, 1682, 1685, 1686, 1687, 1688, 1691, 1692, 1695, 1697, 1709, 1710, 1712, 1714, 1715, 1716, 1718, 1722], "excluded_lines": []}, "TestingServer.admin_list_quizzes": {"executed_lines": [1732, 1733], "summary": {"covered_lines": 2, "num_statements": 2, "percent_covered": 100.0, "percent_covered_display": "100", "missing_lines": 0, "excluded_lines": 0}, "missing_lines": [], "excluded_lines": []}, "TestingServer.admin_switch_quiz": {"executed_lines": [1750, 1751, 1752, 1754, 1756, 1764, 1765, 1766], "summary": {"covered_lines": 8, "num_statements": 8, "percent_covered": 100.0, "percent_covered_display": "100", "missing_lines": 0, "excluded_lines": 0}, "missing_lines": [], "excluded_lines": []}, "TestingServer.admin_auth_test": {"executed_lines": [1775], "summary": {"covered_lines": 1, "num_statements": 1, "percent_covered": 100.0, "percent_covered_display": "100", "missing_lines": 0, "excluded_lines": 0}, "missing_lines": [], "excluded_lines": []}, "TestingServer.admin_approve_user": {"executed_lines": [], "summary": {"covered_lines": 0, "num_statements": 22, "percent_covered": 0.0, "percent_covered_display": "0", "missing_lines": 22, "excluded_lines": 0}, "missing_lines": [1790, 1791, 1793, 1794, 1797, 1798, 1800, 1803, 1804, 1807, 1810, 1811, 1812, 1814, 1817, 1820, 1822, 1824, 1827, 1840, 1842, 1843], "excluded_lines": []}, "TestingServer.admin_get_quiz": {"executed_lines": [], "summary": {"covered_lines": 0, "num_statements": 16, "percent_covered": 0.0, "percent_covered_display": "0", "missing_lines": 16, "excluded_lines": 0}, "missing_lines": [1855, 1856, 1857, 1859, 1860, 1862, 1863, 1866, 1867, 1869, 1870, 1871, 1872, 1875, 1876, 1877], "excluded_lines": []}, "TestingServer.admin_create_quiz": {"executed_lines": [], "summary": {"covered_lines": 0, "num_statements": 34, "percent_covered": 0.0, "percent_covered_display": "0", "missing_lines": 34, "excluded_lines": 0}, "missing_lines": [1889, 1890, 1891, 1892, 1894, 1895, 1897, 1898, 1900, 1903, 1904, 1907, 1908, 1909, 1910, 1912, 1914, 1916, 1917, 1918, 1921, 1922, 1924, 1925, 1926, 1927, 1928, 1931, 1932, 1934, 1935, 1938, 1939, 1940], "excluded_lines": []}, "TestingServer.admin_update_quiz": {"executed_lines": [], "summary": {"covered_lines": 0, "num_statements": 35, "percent_covered": 0.0, "percent_covered_display": "0", "missing_lines": 35, "excluded_lines": 0}, "missing_lines": [1954, 1955, 1956, 1957, 1959, 1961, 1962, 1965, 1966, 1968, 1971, 1972, 1973, 1974, 1976, 1978, 1980, 1981, 1982, 1985, 1986, 1988, 1989, 1990, 1991, 1992, 1995, 1996, 1999, 2000, 2002, 2003, 2010, 2011, 2012], "excluded_lines": []}, "TestingServer.admin_delete_quiz": {"executed_lines": [], "summary": {"covered_lines": 0, "num_statements": 16, "percent_covered": 0.0, "percent_covered_display": "0", "missing_lines": 16, "excluded_lines": 0}, "missing_lines": [2026, 2027, 2028, 2030, 2031, 2034, 2035, 2038, 2039, 2041, 2044, 2046, 2047, 2054, 2055, 2056], "excluded_lines": []}, "TestingServer.admin_validate_quiz": {"executed_lines": [], "summary": {"covered_lines": 0, "num_statements": 17, "percent_covered": 0.0, "percent_covered_display": "0", "missing_lines": 17, "excluded_lines": 0}, "missing_lines": [2068, 2069, 2070, 2072, 2073, 2075, 2076, 2078, 2081, 2082, 2083, 2085, 2088, 2089, 2090, 2091, 2092], "excluded_lines": []}, "TestingServer._validate_quiz_data": {"executed_lines": [2107, 2110, 2114, 2118, 2119, 2123, 2127, 2128, 2133, 2134, 2135, 2139, 2140, 2141, 2145, 2146, 2147, 2149, 2151, 2155, 2156, 2157, 2159, 2161, 2163, 2165, 2166, 2167, 2169, 2171, 2177, 2178, 2179, 2181, 2182, 2183, 2185, 2187, 2188, 2191, 2194, 2197, 2200], "summary": {"covered_lines": 43, "num_statements": 70, "percent_covered": 61.42857142857143, "percent_covered_display": "61", "missing_lines": 27, "excluded_lines": 0}, "missing_lines": [2108, 2111, 2112, 2115, 2116, 2120, 2121, 2124, 2125, 2129, 2130, 2136, 2142, 2148, 2150, 2152, 2162, 2168, 2170, 2172, 2174, 2180, 2184, 2186, 2192, 2195, 2198], "excluded_lines": []}, "TestingServer._validate_config_data": {"executed_lines": [], "summary": {"covered_lines": 0, "num_statements": 68, "percent_covered": 0.0, "percent_covered_display": "0", "missing_lines": 68, "excluded_lines": 0}, "missing_lines": [2215, 2216, 2219, 2220, 2222, 2223, 2224, 2227, 2228, 2229, 2230, 2232, 2233, 2234, 2235, 2236, 2237, 2238, 2241, 2242, 2243, 2244, 2246, 2247, 2248, 2249, 2252, 2253, 2254, 2255, 2257, 2258, 2259, 2260, 2261, 2262, 2263, 2264, 2267, 2268, 2269, 2270, 2272, 2273, 2274, 2275, 2276, 2277, 2278, 2279, 2280, 2281, 2282, 2285, 2286, 2287, 2288, 2290, 2291, 2292, 2293, 2296, 2297, 2298, 2299, 2300, 2301, 2303], "excluded_lines": []}, "TestingServer.admin_list_images": {"executed_lines": [], "summary": {"covered_lines": 0, "num_statements": 13, "percent_covered": 0.0, "percent_covered_display": "0", "missing_lines": 13, "excluded_lines": 0}, "missing_lines": [2312, 2313, 2314, 2315, 2317, 2318, 2319, 2320, 2328, 2330, 2331, 2332, 2333], "excluded_lines": []}, "TestingServer.admin_download_quiz": {"executed_lines": [2347, 2348, 2349, 2350, 2352, 2356, 2357, 2360, 2361, 2364, 2367, 2371, 2372, 2373, 2375, 2378, 2381, 2383, 2384, 2385, 2386, 2389, 2391, 2392, 2393, 2396, 2397, 2398, 2399, 2400, 2402, 2405, 2411, 2412, 2415, 2417], "summary": {"covered_lines": 36, "num_statements": 55, "percent_covered": 65.45454545454545, "percent_covered_display": "65", "missing_lines": 19, "excluded_lines": 0}, "missing_lines": [2353, 2368, 2376, 2406, 2419, 2420, 2421, 2423, 2424, 2425, 2427, 2428, 2429, 2431, 2432, 2433, 2435, 2436, 2437], "excluded_lines": []}, "TestingServer.admin_update_config": {"executed_lines": [], "summary": {"covered_lines": 0, "num_statements": 24, "percent_covered": 0.0, "percent_covered_display": "0", "missing_lines": 24, "excluded_lines": 0}, "missing_lines": [2451, 2452, 2453, 2456, 2457, 2458, 2463, 2464, 2465, 2466, 2469, 2470, 2471, 2474, 2475, 2476, 2478, 2479, 2486, 2487, 2488, 2490, 2491, 2492], "excluded_lines": []}, "TestingServer.tunnel_connect": {"executed_lines": [], "summary": {"covered_lines": 0, "num_statements": 12, "percent_covered": 0.0, "percent_covered_display": "0", "missing_lines": 12, "excluded_lines": 0}, "missing_lines": [2504, 2505, 2506, 2508, 2510, 2511, 2512, 2514, 2515, 2517, 2518, 2519], "excluded_lines": []}, "TestingServer.tunnel_disconnect": {"executed_lines": [], "summary": {"covered_lines": 0, "num_statements": 9, "percent_covered": 0.0, "percent_covered_display": "0", "missing_lines": 9, "excluded_lines": 0}, "missing_lines": [2531, 2532, 2533, 2535, 2536, 2537, 2539, 2540, 2541], "excluded_lines": []}, "TestingServer.serve_files_page": {"executed_lines": [], "summary": {"covered_lines": 0, "num_statements": 18, "percent_covered": 0.0, "percent_covered_display": "0", "missing_lines": 18, "excluded_lines": 0}, "missing_lines": [2552, 2553, 2556, 2557, 2560, 2561, 2562, 2563, 2564, 2565, 2566, 2567, 2570, 2577, 2579, 2580, 2581, 2582], "excluded_lines": []}, "TestingServer._list_files_in_directory": {"executed_lines": [], "summary": {"covered_lines": 0, "num_statements": 9, "percent_covered": 0.0, "percent_covered_display": "0", "missing_lines": 9, "excluded_lines": 0}, "missing_lines": [2594, 2595, 2596, 2597, 2598, 2599, 2600, 2609, 2610], "excluded_lines": []}, "TestingServer.files_list": {"executed_lines": [], "summary": {"covered_lines": 0, "num_statements": 4, "percent_covered": 0.0, "percent_covered_display": "0", "missing_lines": 4, "excluded_lines": 0}, "missing_lines": [2619, 2620, 2621, 2623], "excluded_lines": []}, "TestingServer._get_file_path_and_validate": {"executed_lines": [], "summary": {"covered_lines": 0, "num_statements": 15, "percent_covered": 0.0, "percent_covered_display": "0", "missing_lines": 15, "excluded_lines": 0}, "missing_lines": [2638, 2639, 2640, 2641, 2642, 2643, 2645, 2648, 2649, 2651, 2654, 2655, 2658, 2659, 2661], "excluded_lines": []}, "TestingServer.files_view": {"executed_lines": [], "summary": {"covered_lines": 0, "num_statements": 15, "percent_covered": 0.0, "percent_covered_display": "0", "missing_lines": 15, "excluded_lines": 0}, "missing_lines": [2673, 2674, 2677, 2678, 2679, 2682, 2683, 2685, 2686, 2695, 2696, 2697, 2698, 2699, 2701], "excluded_lines": []}, "TestingServer.files_download": {"executed_lines": [], "summary": {"covered_lines": 0, "num_statements": 15, "percent_covered": 0.0, "percent_covered_display": "0", "missing_lines": 15, "excluded_lines": 0}, "missing_lines": [2715, 2716, 2717, 2720, 2721, 2722, 2725, 2726, 2727, 2728, 2730, 2733, 2738, 2739, 2740], "excluded_lines": []}, "TestingServer.files_save_quiz": {"executed_lines": [], "summary": {"covered_lines": 0, "num_statements": 32, "percent_covered": 0.0, "percent_covered_display": "0", "missing_lines": 32, "excluded_lines": 0}, "missing_lines": [2752, 2753, 2754, 2755, 2757, 2758, 2761, 2762, 2764, 2766, 2767, 2770, 2771, 2773, 2774, 2775, 2776, 2779, 2780, 2783, 2784, 2786, 2789, 2790, 2793, 2794, 2795, 2797, 2798, 2806, 2807, 2808], "excluded_lines": []}, "TestingServer._is_safe_filename": {"executed_lines": [], "summary": {"covered_lines": 0, "num_statements": 11, "percent_covered": 0.0, "percent_covered_display": "0", "missing_lines": 11, "excluded_lines": 0}, "missing_lines": [2821, 2822, 2825, 2826, 2829, 2830, 2833, 2834, 2837, 2838, 2840], "excluded_lines": []}, "TestingServer.serve_index_page": {"executed_lines": [], "summary": {"covered_lines": 0, "num_statements": 2, "percent_covered": 0.0, "percent_covered_display": "0", "missing_lines": 2, "excluded_lines": 0}, "missing_lines": [2848, 2849], "excluded_lines": []}, "TestingServer.serve_admin_page": {"executed_lines": [2860, 2861, 2864, 2865, 2868, 2869, 2872, 2873, 2874, 2877, 2880, 2881, 2888, 2889, 2906, 2913, 2915], "summary": {"covered_lines": 17, "num_statements": 33, "percent_covered": 51.515151515151516, "percent_covered_display": "52", "missing_lines": 16, "excluded_lines": 0}, "missing_lines": [2882, 2883, 2890, 2891, 2894, 2895, 2896, 2897, 2899, 2900, 2901, 2902, 2903, 2916, 2917, 2918], "excluded_lines": []}, "TestingServer.serve_live_stats_page": {"executed_lines": [], "summary": {"covered_lines": 0, "num_statements": 6, "percent_covered": 0.0, "percent_covered_display": "0", "missing_lines": 6, "excluded_lines": 0}, "missing_lines": [2927, 2928, 2930, 2931, 2932, 2933], "excluded_lines": []}, "TestingServer._handle_websocket_connection": {"executed_lines": [], "summary": {"covered_lines": 0, "num_statements": 23, "percent_covered": 0.0, "percent_covered_display": "0", "missing_lines": 23, "excluded_lines": 0}, "missing_lines": [2952, 2953, 2956, 2957, 2960, 2961, 2962, 2963, 2966, 2967, 2968, 2969, 2970, 2971, 2972, 2973, 2974, 2975, 2976, 2979, 2980, 2981, 2983], "excluded_lines": []}, "TestingServer.websocket_live_stats": {"executed_lines": [], "summary": {"covered_lines": 0, "num_statements": 6, "percent_covered": 0.0, "percent_covered_display": "0", "missing_lines": 6, "excluded_lines": 0}, "missing_lines": [2995, 3002, 3007, 3013, 3019, 3029], "excluded_lines": []}, "TestingServer.websocket_admin": {"executed_lines": [], "summary": {"covered_lines": 0, "num_statements": 11, "percent_covered": 0.0, "percent_covered_display": "0", "missing_lines": 11, "excluded_lines": 0}, "missing_lines": [3041, 3042, 3043, 3044, 3045, 3051, 3052, 3053, 3054, 3061, 3067], "excluded_lines": []}, "create_app": {"executed_lines": [3075, 3078, 3081, 3089, 3092, 3095, 3098, 3101, 3102, 3103, 3104, 3105, 3108, 3113, 3116, 3117, 3118, 3119, 3120, 3121, 3122, 3123, 3124, 3125, 3126, 3127, 3128, 3131, 3132, 3134, 3137, 3138, 3139, 3140, 3141, 3144, 3145, 3148, 3151, 3152, 3159, 3161], "summary": {"covered_lines": 42, "num_statements": 42, "percent_covered": 100.0, "percent_covered_display": "100", "missing_lines": 0, "excluded_lines": 0}, "missing_lines": [], "excluded_lines": []}, "create_app.manual_flush": {"executed_lines": [], "summary": {"covered_lines": 0, "num_statements": 3, "percent_covered": 0.0, "percent_covered_display": "0", "missing_lines": 3, "excluded_lines": 0}, "missing_lines": [3109, 3110, 3111], "excluded_lines": []}, "": {"executed_lines": [1, 2, 3, 4, 5, 6, 7, 8, 9, 10, 11, 12, 13, 14, 15, 16, 17, 18, 19, 20, 22, 23, 25, 28, 31, 55, 67, 80, 109, 125, 177, 197, 234, 287, 319, 320, 342, 343, 381, 406, 424, 457, 471, 488, 531, 557, 572, 612, 640, 682, 724, 821, 872, 932, 939, 969, 979, 989, 1009, 1054, 1085, 1106, 1121, 1239, 1301, 1457, 1500, 1542, 1572, 1627, 1725, 1726, 1740, 1741, 1768, 1769, 1777, 1778, 1845, 1846, 1879, 1880, 1942, 1943, 2014, 2015, 2058, 2059, 2094, 2202, 2305, 2306, 2335, 2336, 2439, 2440, 2494, 2495, 2521, 2522, 2543, 2544, 2584, 2612, 2613, 2625, 2663, 2664, 2705, 2706, 2742, 2743, 2810, 2842, 2851, 2852, 2920, 2921, 2935, 2985, 2986, 3031, 3032, 3072], "summary": {"covered_lines": 124, "num_statements": 124, "percent_covered": 100.0, "percent_covered_display": "100", "missing_lines": 0, "excluded_lines": 0}, "missing_lines": [], "excluded_lines": []}}, "classes": {"TestingServer": {"executed_lines": [349, 350, 351, 352, 353, 354, 355, 356, 357, 358, 359, 360, 361, 362, 363, 364, 365, 366, 367, 368, 371, 372, 373, 376, 379, 387, 388, 397, 398, 399, 400, 404, 414, 417, 418, 419, 420, 421, 436, 439, 442, 443, 444, 445, 447, 450, 451, 453, 454, 462, 463, 464, 465, 466, 467, 468, 469, 477, 478, 479, 480, 481, 482, 483, 500, 501, 502, 505, 508, 509, 510, 513, 516, 519, 529, 562, 564, 566, 567, 568, 578, 579, 580, 651, 652, 653, 654, 655, 658, 661, 664, 667, 670, 671, 673, 691, 693, 698, 700, 706, 708, 709, 730, 731, 734, 735, 736, 742, 743, 745, 748, 750, 753, 756, 757, 760, 765, 766, 767, 770, 779, 790, 793, 794, 795, 796, 797, 798, 801, 802, 804, 805, 934, 935, 954, 955, 975, 1023, 1025, 1027, 1028, 1030, 1031, 1034, 1035, 1038, 1039, 1042, 1043, 1044, 1047, 1048, 1050, 1064, 1066, 1067, 1071, 1073, 1074, 1075, 1076, 1077, 1081, 1115, 1116, 1119, 1313, 1314, 1315, 1316, 1319, 1322, 1323, 1326, 1365, 1366, 1370, 1371, 1372, 1374, 1377, 1380, 1392, 1395, 1396, 1398, 1406, 1409, 1412, 1413, 1417, 1418, 1419, 1421, 1423, 1424, 1427, 1441, 1444, 1447, 1450, 1451, 1452, 1453, 1455, 1510, 1514, 1517, 1518, 1520, 1521, 1522, 1523, 1525, 1526, 1529, 1538, 1732, 1733, 1750, 1751, 1752, 1754, 1756, 1764, 1765, 1766, 1775, 2107, 2110, 2114, 2118, 2119, 2123, 2127, 2128, 2133, 2134, 2135, 2139, 2140, 2141, 2145, 2146, 2147, 2149, 2151, 2155, 2156, 2157, 2159, 2161, 2163, 2165, 2166, 2167, 2169, 2171, 2177, 2178, 2179, 2181, 2182, 2183, 2185, 2187, 2188, 2191, 2194, 2197, 2200, 2347, 2348, 2349, 2350, 2352, 2356, 2357, 2360, 2361, 2364, 2367, 2371, 2372, 2373, 2375, 2378, 2381, 2383, 2384, 2385, 2386, 2389, 2391, 2392, 2393, 2396, 2397, 2398, 2399, 2400, 2402, 2405, 2411, 2412, 2415, 2417, 2860, 2861, 2864, 2865, 2868, 2869, 2872, 2873, 2874, 2877, 2880, 2881, 2888, 2889, 2906, 2913, 2915], "summary": {"covered_lines": 324, "num_statements": 1142, "percent_covered": 28.371278458844134, "percent_covered_display": "28", "missing_lines": 818, "excluded_lines": 0}, "missing_lines": [401, 402, 422, 455, 484, 485, 486, 537, 538, 541, 542, 543, 544, 547, 548, 550, 551, 552, 553, 554, 555, 569, 570, 582, 583, 586, 589, 591, 597, 599, 602, 604, 605, 607, 609, 610, 618, 619, 620, 633, 634, 635, 636, 637, 638, 678, 679, 680, 694, 695, 702, 703, 704, 705, 710, 712, 713, 714, 717, 718, 720, 721, 722, 746, 749, 780, 781, 782, 806, 807, 811, 812, 815, 816, 817, 818, 819, 827, 828, 830, 832, 835, 836, 839, 840, 845, 846, 858, 859, 860, 861, 863, 864, 865, 867, 868, 869, 870, 878, 879, 881, 883, 886, 887, 890, 891, 892, 893, 894, 895, 898, 901, 902, 905, 906, 907, 908, 910, 913, 914, 915, 916, 918, 921, 922, 923, 926, 927, 929, 930, 936, 937, 958, 959, 960, 961, 962, 963, 964, 965, 967, 985, 1001, 1002, 1003, 1004, 1005, 1006, 1007, 1052, 1069, 1070, 1079, 1080, 1083, 1094, 1097, 1100, 1101, 1103, 1104, 1136, 1137, 1139, 1140, 1143, 1144, 1145, 1148, 1150, 1151, 1152, 1153, 1154, 1156, 1159, 1162, 1170, 1171, 1173, 1175, 1176, 1177, 1178, 1181, 1182, 1183, 1185, 1188, 1190, 1193, 1195, 1197, 1200, 1213, 1222, 1225, 1234, 1235, 1237, 1248, 1249, 1251, 1252, 1255, 1256, 1258, 1261, 1262, 1265, 1266, 1268, 1269, 1270, 1271, 1274, 1275, 1277, 1279, 1280, 1281, 1284, 1287, 1296, 1297, 1320, 1327, 1328, 1331, 1333, 1336, 1337, 1338, 1341, 1342, 1344, 1345, 1347, 1348, 1351, 1352, 1356, 1367, 1468, 1469, 1470, 1471, 1472, 1475, 1476, 1478, 1479, 1480, 1482, 1494, 1496, 1497, 1498, 1511, 1512, 1552, 1554, 1556, 1557, 1560, 1563, 1567, 1568, 1570, 1587, 1589, 1590, 1593, 1596, 1597, 1601, 1604, 1606, 1607, 1608, 1609, 1610, 1611, 1612, 1614, 1617, 1638, 1641, 1642, 1644, 1645, 1646, 1649, 1650, 1652, 1663, 1664, 1666, 1670, 1673, 1674, 1675, 1677, 1678, 1679, 1680, 1682, 1685, 1686, 1687, 1688, 1691, 1692, 1695, 1697, 1709, 1710, 1712, 1714, 1715, 1716, 1718, 1722, 1790, 1791, 1793, 1794, 1797, 1798, 1800, 1803, 1804, 1807, 1810, 1811, 1812, 1814, 1817, 1820, 1822, 1824, 1827, 1840, 1842, 1843, 1855, 1856, 1857, 1859, 1860, 1862, 1863, 1866, 1867, 1869, 1870, 1871, 1872, 1875, 1876, 1877, 1889, 1890, 1891, 1892, 1894, 1895, 1897, 1898, 1900, 1903, 1904, 1907, 1908, 1909, 1910, 1912, 1914, 1916, 1917, 1918, 1921, 1922, 1924, 1925, 1926, 1927, 1928, 1931, 1932, 1934, 1935, 1938, 1939, 1940, 1954, 1955, 1956, 1957, 1959, 1961, 1962, 1965, 1966, 1968, 1971, 1972, 1973, 1974, 1976, 1978, 1980, 1981, 1982, 1985, 1986, 1988, 1989, 1990, 1991, 1992, 1995, 1996, 1999, 2000, 2002, 2003, 2010, 2011, 2012, 2026, 2027, 2028, 2030, 2031, 2034, 2035, 2038, 2039, 2041, 2044, 2046, 2047, 2054, 2055, 2056, 2068, 2069, 2070, 2072, 2073, 2075, 2076, 2078, 2081, 2082, 2083, 2085, 2088, 2089, 2090, 2091, 2092, 2108, 2111, 2112, 2115, 2116, 2120, 2121, 2124, 2125, 2129, 2130, 2136, 2142, 2148, 2150, 2152, 2162, 2168, 2170, 2172, 2174, 2180, 2184, 2186, 2192, 2195, 2198, 2215, 2216, 2219, 2220, 2222, 2223, 2224, 2227, 2228, 2229, 2230, 2232, 2233, 2234, 2235, 2236, 2237, 2238, 2241, 2242, 2243, 2244, 2246, 2247, 2248, 2249, 2252, 2253, 2254, 2255, 2257, 2258, 2259, 2260, 2261, 2262, 2263, 2264, 2267, 2268, 2269, 2270, 2272, 2273, 2274, 2275, 2276, 2277, 2278, 2279, 2280, 2281, 2282, 2285, 2286, 2287, 2288, 2290, 2291, 2292, 2293, 2296, 2297, 2298, 2299, 2300, 2301, 2303, 2312, 2313, 2314, 2315, 2317, 2318, 2319, 2320, 2328, 2330, 2331, 2332, 2333, 2353, 2368, 2376, 2406, 2419, 2420, 2421, 2423, 2424, 2425, 2427, 2428, 2429, 2431, 2432, 2433, 2435, 2436, 2437, 2451, 2452, 2453, 2456, 2457, 2458, 2463, 2464, 2465, 2466, 2469, 2470, 2471, 2474, 2475, 2476, 2478, 2479, 2486, 2487, 2488, 2490, 2491, 2492, 2504, 2505, 2506, 2508, 2510, 2511, 2512, 2514, 2515, 2517, 2518, 2519, 2531, 2532, 2533, 2535, 2536, 2537, 2539, 2540, 2541, 2552, 2553, 2556, 2557, 2560, 2561, 2562, 2563, 2564, 2565, 2566, 2567, 2570, 2577, 2579, 2580, 2581, 2582, 2594, 2595, 2596, 2597, 2598, 2599, 2600, 2609, 2610, 2619, 2620, 2621, 2623, 2638, 2639, 2640, 2641, 2642, 2643, 2645, 2648, 2649, 2651, 2654, 2655, 2658, 2659, 2661, 2673, 2674, 2677, 2678, 2679, 2682, 2683, 2685, 2686, 2695, 2696, 2697, 2698, 2699, 2701, 2715, 2716, 2717, 2720, 2721, 2722, 2725, 2726, 2727, 2728, 2730, 2733, 2738, 2739, 2740, 2752, 2753, 2754, 2755, 2757, 2758, 2761, 2762, 2764, 2766, 2767, 2770, 2771, 2773, 2774, 2775, 2776, 2779, 2780, 2783, 2784, 2786, 2789, 2790, 2793, 2794, 2795, 2797, 2798, 2806, 2807, 2808, 2821, 2822, 2825, 2826, 2829, 2830, 2833, 2834, 2837, 2838, 2840, 2848, 2849, 2882, 2883, 2890, 2891, 2894, 2895, 2896, 2897, 2899, 2900, 2901, 2902, 2903, 2916, 2917, 2918, 2927, 2928, 2930, 2931, 2932, 2933, 2952, 2953, 2956, 2957, 2960, 2961, 2962, 2963, 2966, 2967, 2968, 2969, 2970, 2971, 2972, 2973, 2974, 2975, 2976, 2979, 2980, 2981, 2983, 2995, 3002, 3007, 3013, 3019, 3029, 3041, 3042, 3043, 3044, 3045, 3051, 3052, 3053, 3054, 3061, 3067], "excluded_lines": []}, "": {"executed_lines": [1, 2, 3, 4, 5, 6, 7, 8, 9, 10, 11, 12, 13, 14, 15, 16, 17, 18, 19, 20, 22, 23, 25, 28, 31, 43, 45, 47, 55, 61, 62, 67, 76, 77, 80, 90, 91, 94, 97, 98, 109, 125, 138, 139, 142, 143, 144, 145, 156, 157, 158, 159, 160, 162, 163, 166, 167, 168, 169, 172, 174, 177, 188, 189, 191, 192, 193, 194, 197, 205, 206, 208, 211, 212, 213, 214, 215, 218, 219, 220, 221, 222, 223, 224, 225, 231, 234, 248, 251, 254, 255, 256, 263, 264, 267, 268, 271, 272, 273, 274, 275, 276, 277, 279, 280, 282, 284, 287, 301, 302, 304, 305, 308, 314, 316, 319, 320, 333, 334, 342, 343, 381, 406, 424, 457, 471, 488, 531, 557, 572, 612, 640, 682, 724, 821, 872, 932, 939, 969, 979, 989, 1009, 1054, 1085, 1106, 1121, 1239, 1301, 1457, 1500, 1542, 1572, 1627, 1725, 1726, 1740, 1741, 1768, 1769, 1777, 1778, 1845, 1846, 1879, 1880, 1942, 1943, 2014, 2015, 2058, 2059, 2094, 2202, 2305, 2306, 2335, 2336, 2439, 2440, 2494, 2495, 2521, 2522, 2543, 2544, 2584, 2612, 2613, 2625, 2663, 2664, 2705, 2706, 2742, 2743, 2810, 2842, 2851, 2852, 2920, 2921, 2935, 2985, 2986, 3031, 3032, 3072, 3075, 3078, 3081, 3089, 3092, 3095, 3098, 3101, 3102, 3103, 3104, 3105, 3108, 3113, 3116, 3117, 3118, 3119, 3120, 3121, 3122, 3123, 3124, 3125, 3126, 3127, 3128, 3131, 3132, 3134, 3137, 3138, 3139, 3140, 3141, 3144, 3145, 3148, 3151, 3152, 3159, 3161], "summary": {"covered_lines": 249, "num_statements": 289, "percent_covered": 86.159169550173, "percent_covered_display": "86", "missing_lines": 40, "excluded_lines": 0}, "missing_lines": [48, 50, 52, 63, 64, 92, 101, 102, 103, 104, 105, 106, 118, 120, 121, 122, 148, 149, 150, 152, 153, 161, 226, 227, 228, 229, 257, 258, 260, 309, 310, 312, 335, 336, 337, 338, 339, 3109, 3110, 3111], "excluded_lines": []}}}, "webquiz/tunnel.py": {"executed_lines": [1, 7, 8, 9, 10, 11, 12, 13, 14, 15, 16, 17, 19, 22, 25, 26, 28, 53, 61, 69, 162, 214, 224, 297, 330, 350, 378, 386], "summary": {"covered_lines": 26, "num_statements": 215, "percent_covered": 12.093023255813954, "percent_covered_display": "12", "missing_lines": 189, "excluded_lines": 0}, "missing_lines": [35, 36, 37, 38, 39, 40, 47, 48, 49, 50, 51, 59, 63, 64, 65, 66, 67, 75, 76, 77, 78, 80, 81, 84, 85, 87, 88, 89, 90, 91, 92, 93, 94, 95, 97, 98, 99, 100, 101, 104, 105, 108, 109, 110, 111, 112, 113, 114, 115, 118, 119, 122, 123, 126, 127, 130, 137, 142, 145, 146, 148, 149, 151, 152, 153, 154, 156, 157, 158, 159, 160, 171, 172, 173, 180, 181, 184, 185, 187, 188, 189, 191, 193, 194, 195, 196, 197, 198, 201, 202, 203, 204, 206, 207, 209, 210, 211, 212, 221, 222, 231, 232, 233, 234, 237, 238, 239, 242, 243, 244, 247, 249, 251, 253, 261, 265, 270, 271, 274, 275, 276, 277, 278, 280, 281, 284, 286, 288, 289, 290, 291, 292, 293, 294, 295, 299, 302, 303, 304, 305, 306, 307, 310, 311, 312, 313, 316, 317, 318, 319, 322, 323, 324, 325, 327, 328, 332, 333, 334, 337, 338, 339, 340, 341, 342, 345, 347, 348, 352, 353, 354, 355, 357, 358, 360, 361, 363, 364, 365, 367, 369, 371, 372, 373, 374, 375, 376, 384, 388], "excluded_lines": [], "functions": {"TunnelManager.__init__": {"executed_lines": [], "summary": {"covered_lines": 0, "num_statements": 11, "percent_covered": 0.0, "percent_covered_display": "0", "missing_lines": 11, "excluded_lines": 0}, "missing_lines": [35, 36, 37, 38, 39, 40, 47, 48, 49, 50, 51], "excluded_lines": []}, "TunnelManager.set_status_callback": {"executed_lines": [], "summary": {"covered_lines": 0, "num_statements": 1, "percent_covered": 0.0, "percent_covered_display": "0", "missing_lines": 1, "excluded_lines": 0}, "missing_lines": [59], "excluded_lines": []}, "TunnelManager._notify_status_change": {"executed_lines": [], "summary": {"covered_lines": 0, "num_statements": 5, "percent_covered": 0.0, "percent_covered_display": "0", "missing_lines": 5, "excluded_lines": 0}, "missing_lines": [63, 64, 65, 66, 67], "excluded_lines": []}, "TunnelManager.ensure_keys_exist": {"executed_lines": [], "summary": {"covered_lines": 0, "num_statements": 54, "percent_covered": 0.0, "percent_covered_display": "0", "missing_lines": 54, "excluded_lines": 0}, "missing_lines": [75, 76, 77, 78, 80, 81, 84, 85, 87, 88, 89, 90, 91, 92, 93, 94, 95, 97, 98, 99, 100, 101, 104, 105, 108, 109, 110, 111, 112, 113, 114, 115, 118, 119, 122, 123, 126, 127, 130, 137, 142, 145, 146, 148, 149, 151, 152, 153, 154, 156, 157, 158, 159, 160], "excluded_lines": []}, "TunnelManager.fetch_tunnel_config": {"executed_lines": [], "summary": {"covered_lines": 0, "num_statements": 27, "percent_covered": 0.0, "percent_covered_display": "0", "missing_lines": 27, "excluded_lines": 0}, "missing_lines": [171, 172, 173, 180, 181, 184, 185, 187, 188, 189, 191, 193, 194, 195, 196, 197, 198, 201, 202, 203, 204, 206, 207, 209, 210, 211, 212], "excluded_lines": []}, "TunnelManager._generate_socket_id": {"executed_lines": [], "summary": {"covered_lines": 0, "num_statements": 2, "percent_covered": 0.0, "percent_covered_display": "0", "missing_lines": 2, "excluded_lines": 0}, "missing_lines": [221, 222], "excluded_lines": []}, "TunnelManager.connect": {"executed_lines": [], "summary": {"covered_lines": 0, "num_statements": 35, "percent_covered": 0.0, "percent_covered_display": "0", "missing_lines": 35, "excluded_lines": 0}, "missing_lines": [231, 232, 233, 234, 237, 238, 239, 242, 243, 244, 247, 249, 251, 253, 261, 265, 270, 271, 274, 275, 276, 277, 278, 280, 281, 284, 286, 288, 289, 290, 291, 292, 293, 294, 295], "excluded_lines": []}, "TunnelManager.disconnect": {"executed_lines": [], "summary": {"covered_lines": 0, "num_statements": 21, "percent_covered": 0.0, "percent_covered_display": "0", "missing_lines": 21, "excluded_lines": 0}, "missing_lines": [299, 302, 303, 304, 305, 306, 307, 310, 311, 312, 313, 316, 317, 318, 319, 322, 323, 324, 325, 327, 328], "excluded_lines": []}, "TunnelManager._monitor_connection": {"executed_lines": [], "summary": {"covered_lines": 0, "num_statements": 12, "percent_covered": 0.0, "percent_covered_display": "0", "missing_lines": 12, "excluded_lines": 0}, "missing_lines": [332, 333, 334, 337, 338, 339, 340, 341, 342, 345, 347, 348], "excluded_lines": []}, "TunnelManager._auto_reconnect": {"executed_lines": [], "summary": {"covered_lines": 0, "num_statements": 19, "percent_covered": 0.0, "percent_covered_display": "0", "missing_lines": 19, "excluded_lines": 0}, "missing_lines": [352, 353, 354, 355, 357, 358, 360, 361, 363, 364, 365, 367, 369, 371, 372, 373, 374, 375, 376], "excluded_lines": []}, "TunnelManager.get_status": {"executed_lines": [], "summary": {"covered_lines": 0, "num_statements": 1, "percent_covered": 0.0, "percent_covered_display": "0", "missing_lines": 1, "excluded_lines": 0}, "missing_lines": [384], "excluded_lines": []}, "TunnelManager.cleanup": {"executed_lines": [], "summary": {"covered_lines": 0, "num_statements": 1, "percent_covered": 0.0, "percent_covered_display": "0", "missing_lines": 1, "excluded_lines": 0}, "missing_lines": [388], "excluded_lines": []}, "": {"executed_lines": [1, 7, 8, 9, 10, 11, 12, 13, 14, 15, 16, 17, 19, 22, 25, 26, 28, 53, 61, 69, 162, 214, 224, 297, 330, 350, 378, 386], "summary": {"covered_lines": 26, "num_statements": 26, "percent_covered": 100.0, "percent_covered_display": "100", "missing_lines": 0, "excluded_lines": 0}, "missing_lines": [], "excluded_lines": []}}, "classes": {"TunnelManager": {"executed_lines": [], "summary": {"covered_lines": 0, "num_statements": 189, "percent_covered": 0.0, "percent_covered_display": "0", "missing_lines": 189, "excluded_lines": 0}, "missing_lines": [35, 36, 37, 38, 39, 40, 47, 48, 49, 50, 51, 59, 63, 64, 65, 66, 67, 75, 76, 77, 78, 80, 81, 84, 85, 87, 88, 89, 90, 91, 92, 93, 94, 95, 97, 98, 99, 100, 101, 104, 105, 108, 109, 110, 111, 112, 113, 114, 115, 118, 119, 122, 123, 126, 127, 130, 137, 142, 145, 146, 148, 149, 151, 152, 153, 154, 156, 157, 158, 159, 160, 171, 172, 173, 180, 181, 184, 185, 187, 188, 189, 191, 193, 194, 195, 196, 197, 198, 201, 202, 203, 204, 206, 207, 209, 210, 211, 212, 221, 222, 231, 232, 233, 234, 237, 238, 239, 242, 243, 244, 247, 249, 251, 253, 261, 265, 270, 271, 274, 275, 276, 277, 278, 280, 281, 284, 286, 288, 289, 290, 291, 292, 293, 294, 295, 299, 302, 303, 304, 305, 306, 307, 310, 311, 312, 313, 316, 317, 318, 319, 322, 323, 324, 325, 327, 328, 332, 333, 334, 337, 338, 339, 340, 341, 342, 345, 347, 348, 352, 353, 354, 355, 357, 358, 360, 361, 363, 364, 365, 367, 369, 371, 372, 373, 374, 375, 376, 384, 388], "excluded_lines": []}, "": {"executed_lines": [1, 7, 8, 9, 10, 11, 12, 13, 14, 15, 16, 17, 19, 22, 25, 26, 28, 53, 61, 69, 162, 214, 224, 297, 330, 350, 378, 386], "summary": {"covered_lines": 26, "num_statements": 26, "percent_covered": 100.0, "percent_covered_display": "100", "missing_lines": 0, "excluded_lines": 0}, "missing_lines": [], "excluded_lines": []}}}}, "totals": {"covered_lines": 728, "num_statements": 1937, "percent_covered": 37.58389261744966, "percent_covered_display": "38", "missing_lines": 1209, "excluded_lines": 2}}